<?xml version="1.0" encoding="UTF-8"?>
<testsuite name="ru.task.board.BoardApplicationTests" tests="1" skipped="0" failures="0" errors="0" timestamp="2022-04-22T09:23:51" hostname="DESKTOP-BJP3FJH" time="0.132">
  <properties/>
  <testcase name="contextLoads()" classname="ru.task.board.BoardApplicationTests" time="0.132"/>
  <system-out><![CDATA[12:23:43.001 [Test worker] DEBUG org.springframework.test.context.BootstrapUtils - Instantiating CacheAwareContextLoaderDelegate from class [org.springframework.test.context.cache.DefaultCacheAwareContextLoaderDelegate]
12:23:43.001 [Test worker] DEBUG org.springframework.test.context.BootstrapUtils - Instantiating BootstrapContext using constructor [public org.springframework.test.context.support.DefaultBootstrapContext(java.lang.Class,org.springframework.test.context.CacheAwareContextLoaderDelegate)]
12:23:43.048 [Test worker] DEBUG org.springframework.test.context.BootstrapUtils - Instantiating TestContextBootstrapper for test class [ru.task.board.BoardApplicationTests] from class [org.springframework.boot.test.context.SpringBootTestContextBootstrapper]
12:23:43.063 [Test worker] INFO org.springframework.boot.test.context.SpringBootTestContextBootstrapper - Neither @ContextConfiguration nor @ContextHierarchy found for test class [ru.task.board.BoardApplicationTests], using SpringBootContextLoader
12:23:43.063 [Test worker] DEBUG org.springframework.test.context.support.AbstractContextLoader - Did not detect default resource location for test class [ru.task.board.BoardApplicationTests]: class path resource [ru/task/board/BoardApplicationTests-context.xml] does not exist
12:23:43.063 [Test worker] DEBUG org.springframework.test.context.support.AbstractContextLoader - Did not detect default resource location for test class [ru.task.board.BoardApplicationTests]: class path resource [ru/task/board/BoardApplicationTestsContext.groovy] does not exist
12:23:43.063 [Test worker] INFO org.springframework.test.context.support.AbstractContextLoader - Could not detect default resource locations for test class [ru.task.board.BoardApplicationTests]: no resource found for suffixes {-context.xml, Context.groovy}.
12:23:43.063 [Test worker] INFO org.springframework.test.context.support.AnnotationConfigContextLoaderUtils - Could not detect default configuration classes for test class [ru.task.board.BoardApplicationTests]: BoardApplicationTests does not declare any static, non-private, non-final, nested classes annotated with @Configuration.
12:23:43.126 [Test worker] DEBUG org.springframework.test.context.support.ActiveProfilesUtils - Could not find an 'annotation declaring class' for annotation type [org.springframework.test.context.ActiveProfiles] and class [ru.task.board.BoardApplicationTests]
12:23:43.188 [Test worker] DEBUG org.springframework.context.annotation.ClassPathScanningCandidateComponentProvider - Identified candidate component class: file [C:\Users\FORTRIX\Desktop\kovalenko_project\build\classes\java\main\ru\task\board\BoardApplication.class]
12:23:43.204 [Test worker] INFO org.springframework.boot.test.context.SpringBootTestContextBootstrapper - Found @SpringBootConfiguration ru.task.board.BoardApplication for test class ru.task.board.BoardApplicationTests
12:23:43.313 [Test worker] DEBUG org.springframework.boot.test.context.SpringBootTestContextBootstrapper - @TestExecutionListeners is not present for class [ru.task.board.BoardApplicationTests]: using defaults.
12:23:43.313 [Test worker] INFO org.springframework.boot.test.context.SpringBootTestContextBootstrapper - Loaded default TestExecutionListener class names from location [META-INF/spring.factories]: [org.springframework.security.test.context.support.WithSecurityContextTestExecutionListener, org.springframework.security.test.context.support.ReactorContextTestExecutionListener, org.springframework.boot.test.autoconfigure.restdocs.RestDocsTestExecutionListener, org.springframework.boot.test.autoconfigure.web.client.MockRestServiceServerResetTestExecutionListener, org.springframework.boot.test.autoconfigure.web.servlet.MockMvcPrintOnlyOnFailureTestExecutionListener, org.springframework.boot.test.autoconfigure.web.servlet.WebDriverTestExecutionListener, org.springframework.boot.test.autoconfigure.webservices.client.MockWebServiceServerTestExecutionListener, org.springframework.boot.test.mock.mockito.MockitoTestExecutionListener, org.springframework.boot.test.mock.mockito.ResetMocksTestExecutionListener, org.springframework.test.context.web.ServletTestExecutionListener, org.springframework.test.context.support.DirtiesContextBeforeModesTestExecutionListener, org.springframework.test.context.event.ApplicationEventsTestExecutionListener, org.springframework.test.context.support.DependencyInjectionTestExecutionListener, org.springframework.test.context.support.DirtiesContextTestExecutionListener, org.springframework.test.context.transaction.TransactionalTestExecutionListener, org.springframework.test.context.jdbc.SqlScriptsTestExecutionListener, org.springframework.test.context.event.EventPublishingTestExecutionListener]
12:23:43.329 [Test worker] INFO org.springframework.boot.test.context.SpringBootTestContextBootstrapper - Using TestExecutionListeners: [org.springframework.test.context.web.ServletTestExecutionListener@29d2d081, org.springframework.test.context.support.DirtiesContextBeforeModesTestExecutionListener@40e4ea87, org.springframework.test.context.event.ApplicationEventsTestExecutionListener@58783f6c, org.springframework.boot.test.mock.mockito.MockitoTestExecutionListener@3a7b503d, org.springframework.boot.test.autoconfigure.SpringBootDependencyInjectionTestExecutionListener@512d92b, org.springframework.test.context.support.DirtiesContextTestExecutionListener@62c5bbdc, org.springframework.test.context.transaction.TransactionalTestExecutionListener@7bdf6bb7, org.springframework.test.context.jdbc.SqlScriptsTestExecutionListener@1bc53649, org.springframework.security.test.context.support.WithSecurityContextTestExecutionListener@88d6f9b, org.springframework.test.context.event.EventPublishingTestExecutionListener@47d93e0d, org.springframework.security.test.context.support.ReactorContextTestExecutionListener@475b7792, org.springframework.boot.test.autoconfigure.restdocs.RestDocsTestExecutionListener@751e664e, org.springframework.boot.test.autoconfigure.web.client.MockRestServiceServerResetTestExecutionListener@160c3ec1, org.springframework.boot.test.autoconfigure.web.servlet.MockMvcPrintOnlyOnFailureTestExecutionListener@182b435b, org.springframework.boot.test.autoconfigure.web.servlet.WebDriverTestExecutionListener@4d0402b, org.springframework.boot.test.autoconfigure.webservices.client.MockWebServiceServerTestExecutionListener@2fa7ae9, org.springframework.boot.test.mock.mockito.ResetMocksTestExecutionListener@7577b641]
12:23:43.345 [Test worker] DEBUG org.springframework.test.context.support.AbstractDirtiesContextTestExecutionListener - Before test class: context [DefaultTestContext@6831d8fd testClass = BoardApplicationTests, testInstance = [null], testMethod = [null], testException = [null], mergedContextConfiguration = [WebMergedContextConfiguration@27dc79f7 testClass = BoardApplicationTests, locations = '{}', classes = '{class ru.task.board.BoardApplication}', contextInitializerClasses = '[]', activeProfiles = '{}', propertySourceLocations = '{}', propertySourceProperties = '{org.springframework.boot.test.context.SpringBootTestContextBootstrapper=true}', contextCustomizers = set[org.springframework.boot.test.autoconfigure.actuate.metrics.MetricsExportContextCustomizerFactory$DisableMetricExportContextCustomizer@56a4479a, org.springframework.boot.test.autoconfigure.properties.PropertyMappingContextCustomizer@0, org.springframework.boot.test.autoconfigure.web.servlet.WebDriverContextCustomizerFactory$Customizer@5b444398, org.springframework.boot.test.context.filter.ExcludeFilterContextCustomizer@79145d5a, org.springframework.boot.test.json.DuplicateJsonObjectContextCustomizerFactory$DuplicateJsonObjectContextCustomizer@6821ea29, org.springframework.boot.test.mock.mockito.MockitoContextCustomizer@0, org.springframework.boot.test.web.client.TestRestTemplateContextCustomizer@40c80397, org.springframework.boot.test.context.SpringBootTestArgs@1, org.springframework.boot.test.context.SpringBootTestWebEnvironment@2f666ebb], resourceBasePath = 'src/main/webapp', contextLoader = 'org.springframework.boot.test.context.SpringBootContextLoader', parent = [null]], attributes = map['org.springframework.test.context.web.ServletTestExecutionListener.activateListener' -> true]], class annotated with @DirtiesContext [false] with mode [null].

  .   ____          _            __ _ _
 /\\ / ___'_ __ _ _(_)_ __  __ _ \ \ \ \
( ( )\___ | '_ | '_| | '_ \/ _` | \ \ \ \
 \\/  ___)| |_)| | | | | || (_| |  ) ) ) )
  '  |____| .__|_| |_|_| |_\__, | / / / /
 =========|_|==============|___/=/_/_/_/
 :: Spring Boot ::                (v2.6.4)

2022-04-22 12:23:43.720  INFO 7472 --- [    Test worker] ru.task.board.BoardApplicationTests      : Starting BoardApplicationTests using Java 11.0.14 on DESKTOP-BJP3FJH with PID 7472 (started by FORTRIX in C:\Users\FORTRIX\Desktop\kovalenko_project)
2022-04-22 12:23:43.735  INFO 7472 --- [    Test worker] ru.task.board.BoardApplicationTests      : No active profile set, falling back to 1 default profile: "default"
2022-04-22 12:23:44.782  INFO 7472 --- [    Test worker] .s.d.r.c.RepositoryConfigurationDelegate : Bootstrapping Spring Data JPA repositories in DEFAULT mode.
2022-04-22 12:23:44.876  INFO 7472 --- [    Test worker] .s.d.r.c.RepositoryConfigurationDelegate : Finished Spring Data repository scanning in 82 ms. Found 9 JPA repository interfaces.
2022-04-22 12:23:45.454  INFO 7472 --- [    Test worker] trationDelegate$BeanPostProcessorChecker : Bean 'org.springframework.boot.autoconfigure.security.oauth2.method.OAuth2MethodSecurityExpressionHandlerConfiguration' of type [org.springframework.boot.autoconfigure.security.oauth2.method.OAuth2MethodSecurityExpressionHandlerConfiguration] is not eligible for getting processed by all BeanPostProcessors (for example: not eligible for auto-proxying)
2022-04-22 12:23:45.470  INFO 7472 --- [    Test worker] trationDelegate$BeanPostProcessorChecker : Bean 'methodSecurityExpressionHandler' of type [org.springframework.security.oauth2.provider.expression.OAuth2MethodSecurityExpressionHandler] is not eligible for getting processed by all BeanPostProcessors (for example: not eligible for auto-proxying)
2022-04-22 12:23:45.985  INFO 7472 --- [    Test worker] o.f.c.internal.license.VersionPrinter    : Flyway Community Edition 8.5.0 by Redgate
2022-04-22 12:23:45.985  INFO 7472 --- [    Test worker] o.f.c.internal.license.VersionPrinter    : See what's new here: https://flywaydb.org/documentation/learnmore/releaseNotes#8.5.0
2022-04-22 12:23:45.985  INFO 7472 --- [    Test worker] o.f.c.internal.license.VersionPrinter    : 
2022-04-22 12:23:45.985  INFO 7472 --- [    Test worker] o.f.c.i.database.base.BaseDatabaseType   : Database: jdbc:postgresql://localhost:5432/postgres (PostgreSQL 13.6)
2022-04-22 12:23:46.032  INFO 7472 --- [    Test worker] o.f.core.internal.command.DbValidate     : Successfully validated 9 migrations (execution time 00:00.029s)
2022-04-22 12:23:46.048  INFO 7472 --- [    Test worker] o.f.core.internal.command.DbMigrate      : Current version of schema "public": 9
2022-04-22 12:23:46.048  INFO 7472 --- [    Test worker] o.f.core.internal.command.DbMigrate      : Schema "public" is up to date. No migration necessary.
2022-04-22 12:23:46.407  INFO 7472 --- [    Test worker] o.hibernate.jpa.internal.util.LogHelper  : HHH000204: Processing PersistenceUnitInfo [name: default]
2022-04-22 12:23:46.470  INFO 7472 --- [    Test worker] org.hibernate.Version                    : HHH000412: Hibernate ORM core version 5.6.5.Final
2022-04-22 12:23:46.688  INFO 7472 --- [    Test worker] o.hibernate.annotations.common.Version   : HCANN000001: Hibernate Commons Annotations {5.1.2.Final}
2022-04-22 12:23:46.860  INFO 7472 --- [    Test worker] org.hibernate.dialect.Dialect            : HHH000400: Using dialect: org.hibernate.dialect.PostgreSQLDialect
2022-04-22 12:23:46.907  INFO 7472 --- [    Test worker] Hibernate Types                          : This framework is proudly powered by:

>>>>>>>>>>>>>>>>>>>>>>>>>>>>>>>>>>>>>>>>>>>>>>>>>>>>>>>>>>>>>>>>
 _    _                           _     _
| |  | |                         (_)   | |
| |__| |_   _ _ __   ___ _ __ ___ _ ___| |_ ___ _ __   ___ ___
|  __  | | | | '_ \ / _ \ '__/ __| / __| __/ _ \ '_ \ / __/ _ \
| |  | | |_| | |_) |  __/ |  \__ \ \__ \ ||  __/ | | | (_|  __/
|_|  |_|\__, | .__/ \___|_|  |___/_|___/\__\___|_| |_|\___\___|
         __/ | |
        |___/|_|

At Hypersistence, we only build amazing tools, like Hibernate Types, Flexy Pool, or Hypersistence Optimizer.

What if there were a tool that could automatically detect JPA and Hibernate performance issues?

Hypersistence Optimizer is that tool! For more details, go to: 

https://vladmihalcea.com/hypersistence-optimizer/
<<<<<<<<<<<<<<<<<<<<<<<<<<<<<<<<<<<<<<<<<<<<<<<<<<<<<<<<<<<<<<<<

2022-04-22 12:23:47.673  INFO 7472 --- [    Test worker] o.h.e.t.j.p.i.JtaPlatformInitiator       : HHH000490: Using JtaPlatform implementation: [org.hibernate.engine.transaction.jta.platform.internal.NoJtaPlatform]
2022-04-22 12:23:47.673  INFO 7472 --- [    Test worker] j.LocalContainerEntityManagerFactoryBean : Initialized JPA EntityManagerFactory for persistence unit 'default'
2022-04-22 12:23:47.767  INFO 7472 --- [    Test worker] o.f.c.internal.license.VersionPrinter    : Flyway Community Edition 8.5.0 by Redgate
2022-04-22 12:23:47.767  INFO 7472 --- [    Test worker] o.f.c.internal.license.VersionPrinter    : See what's new here: https://flywaydb.org/documentation/learnmore/releaseNotes#8.5.0
2022-04-22 12:23:47.767  INFO 7472 --- [    Test worker] o.f.c.internal.license.VersionPrinter    : 
2022-04-22 12:23:47.767  INFO 7472 --- [    Test worker] o.f.c.i.database.base.BaseDatabaseType   : Database: jdbc:postgresql://localhost:5432/postgres (PostgreSQL 13.6)
2022-04-22 12:23:47.782  INFO 7472 --- [    Test worker] o.f.core.internal.command.DbValidate     : Successfully validated 9 migrations (execution time 00:00.010s)
2022-04-22 12:23:47.782  INFO 7472 --- [    Test worker] o.f.core.internal.command.DbMigrate      : Current version of schema "public": 9
2022-04-22 12:23:47.782  INFO 7472 --- [    Test worker] o.f.core.internal.command.DbMigrate      : Schema "public" is up to date. No migration necessary.
2022-04-22 12:23:47.970  WARN 7472 --- [    Test worker] JpaBaseConfiguration$JpaWebConfiguration : spring.jpa.open-in-view is enabled by default. Therefore, database queries may be performed during view rendering. Explicitly configure spring.jpa.open-in-view to disable this warning
2022-04-22 12:23:48.704  WARN 7472 --- [    Test worker] o.s.s.o.p.t.s.JwtAccessTokenConverter    : Unable to create an RSA verifier from verifierKey (ignoreable if using MAC)
2022-04-22 12:23:49.063  INFO 7472 --- [    Test worker] o.s.s.p.JdbcUserDetailsManager           : No authentication manager set. Reauthentication of users when changing passwords will not be performed.
2022-04-22 12:23:49.251  INFO 7472 --- [    Test worker] o.s.s.web.DefaultSecurityFilterChain     : Will not secure Or [Ant [pattern='/oauth/token'], Ant [pattern='/oauth/token_key'], Ant [pattern='/oauth/check_token']]
2022-04-22 12:23:49.282  INFO 7472 --- [    Test worker] o.s.s.web.DefaultSecurityFilterChain     : Will not secure org.springframework.security.oauth2.config.annotation.web.configuration.ResourceServerConfiguration$NotOAuthRequestMatcher@5a457aa1
2022-04-22 12:23:49.298  INFO 7472 --- [    Test worker] o.s.s.web.DefaultSecurityFilterChain     : Will not secure any request
2022-04-22 12:23:51.048  INFO 7472 --- [    Test worker] s.a.ScheduledAnnotationBeanPostProcessor : No TaskScheduler/ScheduledExecutorService bean found for scheduled processing
2022-04-22 12:23:51.063  INFO 7472 --- [    Test worker] ru.task.board.BoardApplicationTests      : Started BoardApplicationTests in 7.688 seconds (JVM running for 9.253)
]]></system-out>
  <system-err><![CDATA[]]></system-err>
</testsuite>
